d:\desktop\cis 565\project0-getting-started\build\lib\debug\cis565_getting_started.lib
d:\desktop\cis 565\project0-getting-started\build\lib\debug\cis565_getting_started.exp
d:\desktop\cis 565\project0-getting-started\build\cis565_getting_started.dir\debug\vc141.pdb
d:\desktop\cis 565\project0-getting-started\build\cis565_getting_started.dir\debug\main.obj
d:\desktop\cis 565\project0-getting-started\build\cis565_getting_started.dir\debug\glslutility.obj
d:\desktop\cis 565\project0-getting-started\build\cmakefiles\cis565_getting_started.dir\src\debug\cis565_getting_started_generated_kernel.cu.obj
d:\desktop\cis 565\project0-getting-started\build\cmakefiles\generate.stamp
d:\desktop\cis 565\project0-getting-started\build\bin\debug\cis565_getting_started.exe
d:\desktop\cis 565\project0-getting-started\build\bin\debug\cis565_getting_started.ilk
d:\desktop\cis 565\project0-getting-started\build\bin\debug\cis565_getting_started.pdb
d:\desktop\cis 565\project0-getting-started\build\cis565_getting_started.dir\debug\cis565_g.9f1e2672.tlog\cis565_getting_started.write.1u.tlog
d:\desktop\cis 565\project0-getting-started\build\cis565_getting_started.dir\debug\cis565_g.9f1e2672.tlog\cl.command.1.tlog
d:\desktop\cis 565\project0-getting-started\build\cis565_getting_started.dir\debug\cis565_g.9f1e2672.tlog\cl.read.1.tlog
d:\desktop\cis 565\project0-getting-started\build\cis565_getting_started.dir\debug\cis565_g.9f1e2672.tlog\cl.write.1.tlog
d:\desktop\cis 565\project0-getting-started\build\cis565_getting_started.dir\debug\cis565_g.9f1e2672.tlog\custombuild.command.1.tlog
d:\desktop\cis 565\project0-getting-started\build\cis565_getting_started.dir\debug\cis565_g.9f1e2672.tlog\custombuild.read.1.tlog
d:\desktop\cis 565\project0-getting-started\build\cis565_getting_started.dir\debug\cis565_g.9f1e2672.tlog\custombuild.write.1.tlog
d:\desktop\cis 565\project0-getting-started\build\cis565_getting_started.dir\debug\cis565_g.9f1e2672.tlog\link.command.1.tlog
d:\desktop\cis 565\project0-getting-started\build\cis565_getting_started.dir\debug\cis565_g.9f1e2672.tlog\link.read.1.tlog
d:\desktop\cis 565\project0-getting-started\build\cis565_getting_started.dir\debug\cis565_g.9f1e2672.tlog\link.write.1.tlog
